TN:
SF:C:\Users\ns009292\Desktop\CS320\BookStoreManagementSystem\frontend\src\App.vue
FN:23,(anonymous_1)
FNF:1
FNH:1
FNDA:1,(anonymous_1)
DA:23,1
LF:1
LH:1
BRF:0
BRH:0
end_of_record
TN:
SF:C:\Users\ns009292\Desktop\CS320\BookStoreManagementSystem\frontend\src\components\AddBookWindow.vue
FN:103,(anonymous_1)
FN:118,(anonymous_2)
FNF:2
FNH:0
FNDA:0,(anonymous_1)
FNDA:0,(anonymous_2)
DA:98,1
DA:104,0
DA:120,0
DA:121,0
DA:122,0
DA:123,0
LF:6
LH:1
BRF:0
BRH:0
end_of_record
TN:
SF:C:\Users\ns009292\Desktop\CS320\BookStoreManagementSystem\frontend\src\components\BasketWindow.vue
FN:23,(anonymous_1)
FNF:1
FNH:0
FNDA:0,(anonymous_1)
DA:24,0
LF:1
LH:0
BRF:0
BRH:0
end_of_record
TN:
SF:C:\Users\ns009292\Desktop\CS320\BookStoreManagementSystem\frontend\src\components\Hello.vue
FN:59,(anonymous_1)
FNF:1
FNH:1
FNDA:1,(anonymous_1)
DA:48,1
DA:49,1
DA:50,1
DA:51,1
DA:52,1
DA:53,1
DA:60,1
LF:7
LH:7
BRF:0
BRH:0
end_of_record
TN:
SF:C:\Users\ns009292\Desktop\CS320\BookStoreManagementSystem\frontend\src\components\OrderBookWindow.vue
FN:40,(anonymous_1)
FNF:1
FNH:0
FNDA:0,(anonymous_1)
DA:41,0
DA:42,0
DA:43,0
LF:3
LH:0
BRF:0
BRH:0
end_of_record
TN:
SF:C:\Users\ns009292\Desktop\CS320\BookStoreManagementSystem\frontend\src\components\SearchBookWindow.vue
FN:35,(anonymous_1)
FN:89,(anonymous_2)
FNF:2
FNH:0
FNDA:0,(anonymous_1)
FNDA:0,(anonymous_2)
DA:36,0
DA:90,0
DA:91,0
LF:3
LH:0
BRDA:90,0,0,0
BRDA:90,0,1,0
BRF:2
BRH:0
end_of_record
TN:
SF:C:\Users\ns009292\Desktop\CS320\BookStoreManagementSystem\frontend\src\components\User.vue
FN:27,(anonymous_1)
FN:43,(anonymous_2)
FN:45,(anonymous_3)
FN:51,(anonymous_4)
FN:56,(anonymous_5)
FN:57,(anonymous_6)
FN:61,(anonymous_7)
FNF:7
FNH:1
FNDA:1,(anonymous_1)
FNDA:0,(anonymous_2)
FNDA:0,(anonymous_3)
FNDA:0,(anonymous_4)
FNDA:0,(anonymous_5)
FNDA:0,(anonymous_6)
FNDA:0,(anonymous_7)
DA:22,2
DA:28,1
DA:45,0
DA:47,0
DA:48,0
DA:49,0
DA:50,0
DA:53,0
DA:57,0
DA:59,0
DA:60,0
DA:63,0
LF:12
LH:2
BRF:0
BRH:0
end_of_record
TN:
SF:C:\Users\ns009292\Desktop\CS320\BookStoreManagementSystem\frontend\src\components\backend-api.js
FN:10,(anonymous_0)
FN:14,(anonymous_1)
FN:17,(anonymous_2)
FN:20,(anonymous_3)
FN:28,(anonymous_4)
FNF:5
FNH:0
FNDA:0,(anonymous_0)
FNDA:0,(anonymous_1)
FNDA:0,(anonymous_2)
FNDA:0,(anonymous_3)
FNDA:0,(anonymous_4)
DA:3,2
DA:11,0
DA:15,0
DA:18,0
DA:21,0
DA:29,0
LF:6
LH:1
BRF:0
BRH:0
end_of_record
